[debug] [2022-06-29T06:03:16.510Z] ----------------------------------------------------------------------
[debug] [2022-06-29T06:03:16.513Z] Command:       C:\Program Files\nodejs\node.exe C:\Users\acer\AppData\Roaming\npm\node_modules\firebase-tools\lib\bin\firebase.js emulators:start
[debug] [2022-06-29T06:03:16.513Z] CLI Version:   10.1.0
[debug] [2022-06-29T06:03:16.513Z] Platform:      win32
[debug] [2022-06-29T06:03:16.513Z] Node Version:  v16.13.0
[debug] [2022-06-29T06:03:16.518Z] Time:          Wed Jun 29 2022 11:33:16 GMT+0530 (India Standard Time)
[debug] [2022-06-29T06:03:16.519Z] ----------------------------------------------------------------------
[debug] 
[debug] [2022-06-29T06:03:16.523Z] >>> [apiv2][query] GET https://firebase-public.firebaseio.com/cli.json [none]
[debug] [2022-06-29T06:03:16.614Z] > command requires scopes: ["email","openid","https://www.googleapis.com/auth/cloudplatformprojects.readonly","https://www.googleapis.com/auth/firebase","https://www.googleapis.com/auth/cloud-platform"]
[debug] [2022-06-29T06:03:16.615Z] > authorizing via signed-in user (abhayaj806@gmail.com)
[info] i  emulators: Starting emulators: functions {"metadata":{"emulator":{"name":"hub"},"message":"Starting emulators: functions"}}
[debug] [2022-06-29T06:03:16.642Z] [hub] writing locator at C:\Users\acer\AppData\Local\Temp\hub-ecommercea-c3dcb.json
[warn] !  functions: The following emulators are not running, calls to these services from the Functions emulator will affect production: auth, firestore, database, hosting, pubsub, storage {"metadata":{"emulator":{"name":"functions"},"message":"The following emulators are not running, calls to these services from the Functions emulator will affect production: \u001b[1mauth, firestore, database, hosting, pubsub, storage\u001b[22m"}}
[info] +  functions: Using node@16 from host. {"metadata":{"emulator":{"name":"functions"},"message":"Using node@16 from host."}}
[warn] !  Your requested "node" version "16" doesn't match your global version "16" {"metadata":{"emulator":{"name":"functions"},"message":"Your requested \"node\" version \"16\" doesn't match your global version \"16\""}}
[debug] [2022-06-29T06:03:16.707Z] defaultcredentials: writing to file C:\Users\acer\AppData\Roaming\firebase\abhayaj806_gmail_com_application_default_credentials.json
[debug] [2022-06-29T06:03:16.710Z] Setting GAC to C:\Users\acer\AppData\Roaming\firebase\abhayaj806_gmail_com_application_default_credentials.json {"metadata":{"emulator":{"name":"functions"},"message":"Setting GAC to C:\\Users\\acer\\AppData\\Roaming\\firebase\\abhayaj806_gmail_com_application_default_credentials.json"}}
[debug] [2022-06-29T06:03:16.712Z] > refreshing access token with scopes: []
[debug] [2022-06-29T06:03:16.713Z] >>> HTTP REQUEST POST https://www.googleapis.com/oauth2/v3/token  
 <request body omitted>
[debug] [2022-06-29T06:03:17.289Z] <<< HTTP RESPONSE 200 {"expires":"Mon, 01 Jan 1990 00:00:00 GMT","cache-control":"no-cache, no-store, max-age=0, must-revalidate","pragma":"no-cache","date":"Wed, 29 Jun 2022 06:03:17 GMT","content-type":"application/json; charset=utf-8","vary":"X-Origin, Referer, Origin,Accept-Encoding","server":"scaffolding on HTTPServer2","x-xss-protection":"0","x-frame-options":"SAMEORIGIN","x-content-type-options":"nosniff","alt-svc":"h3=\":443\"; ma=2592000,h3-29=\":443\"; ma=2592000,h3-Q050=\":443\"; ma=2592000,h3-Q046=\":443\"; ma=2592000,h3-Q043=\":443\"; ma=2592000,quic=\":443\"; ma=2592000; v=\"46,43\"","accept-ranges":"none","transfer-encoding":"chunked"}
[debug] [2022-06-29T06:03:17.306Z] >>> [apiv2][query] GET https://firebase.googleapis.com/v1beta1/projects/ecommercea-c3dcb/adminSdkConfig [none]
[debug] [2022-06-29T06:03:17.452Z] <<< [apiv2][status] GET https://firebase-public.firebaseio.com/cli.json 200
[debug] [2022-06-29T06:03:17.453Z] <<< [apiv2][body] GET https://firebase-public.firebaseio.com/cli.json {"cloudBuildErrorAfter":1594252800000,"cloudBuildWarnAfter":1590019200000,"defaultNode10After":1594252800000,"minVersion":"3.0.5","node8DeploysDisabledAfter":1613390400000,"node8RuntimeDisabledAfter":1615809600000,"node8WarnAfter":1600128000000}
[debug] [2022-06-29T06:03:18.038Z] <<< [apiv2][status] GET https://firebase.googleapis.com/v1beta1/projects/ecommercea-c3dcb/adminSdkConfig 200
[debug] [2022-06-29T06:03:18.038Z] <<< [apiv2][body] GET https://firebase.googleapis.com/v1beta1/projects/ecommercea-c3dcb/adminSdkConfig {"projectId":"ecommercea-c3dcb","storageBucket":"ecommercea-c3dcb.appspot.com","locationId":"us-central"}
[debug] [2022-06-29T06:03:18.064Z] Ignoring unsupported arg: auto_download {"metadata":{"emulator":{"name":"ui"},"message":"Ignoring unsupported arg: auto_download"}}
[debug] [2022-06-29T06:03:18.065Z] Ignoring unsupported arg: port {"metadata":{"emulator":{"name":"ui"},"message":"Ignoring unsupported arg: port"}}
[debug] [2022-06-29T06:03:18.065Z] Starting Emulator UI with command {"binary":"node","args":["C:\\Users\\acer\\.cache\\firebase\\emulators\\ui-v1.6.4\\server.bundle.js"],"optionalArgs":[],"joinArgs":false} {"metadata":{"emulator":{"name":"ui"},"message":"Starting Emulator UI with command {\"binary\":\"node\",\"args\":[\"C:\\\\Users\\\\acer\\\\.cache\\\\firebase\\\\emulators\\\\ui-v1.6.4\\\\server.bundle.js\"],\"optionalArgs\":[],\"joinArgs\":false}"}}
[info] i  ui: Emulator UI logging to ui-debug.log {"metadata":{"emulator":{"name":"ui"},"message":"Emulator UI logging to \u001b[1mui-debug.log\u001b[22m"}}
[debug] [2022-06-29T06:03:18.288Z] Web / API server started at localhost:4000
 {"metadata":{"emulator":{"name":"ui"},"message":"Web / API server started at localhost:4000\n"}}
[info] i  functions: Watching "C:\Users\acer\Desktop\MernPros\ecommerce\functions" for Cloud Functions... {"metadata":{"emulator":{"name":"functions"},"message":"Watching \"C:\\Users\\acer\\Desktop\\MernPros\\ecommerce\\functions\" for Cloud Functions..."}}
[debug] [2022-06-29T06:03:18.377Z] [worker-pool] addWorker(~diagnostic~) {"metadata":{"emulator":{"name":"functions"},"message":"[worker-pool] addWorker(~diagnostic~)"}}
[debug] [2022-06-29T06:03:18.377Z] [worker-pool] Adding worker with key ~diagnostic~, total=1 {"metadata":{"emulator":{"name":"functions"},"message":"[worker-pool] Adding worker with key ~diagnostic~, total=1"}}
[debug] [2022-06-29T06:03:18.377Z] [worker-pool] submitWork(triggerId=) {"metadata":{"emulator":{"name":"functions"},"message":"[worker-pool] submitWork(triggerId=)"}}
[debug] [2022-06-29T06:03:18.378Z] [worker-~diagnostic~-c82f2ba4-cc1f-4cfb-b9b9-ea50a990cbb4]: Assigning socketPath: \\?\pipe\C:\Users\acer\Desktop\MernPros\ecommerce\functions\1300 {"metadata":{"emulator":{"name":"functions"},"message":"[worker-~diagnostic~-c82f2ba4-cc1f-4cfb-b9b9-ea50a990cbb4]: Assigning socketPath: \\\\?\\pipe\\C:\\Users\\acer\\Desktop\\MernPros\\ecommerce\\functions\\1300"}}
[debug] [2022-06-29T06:03:18.379Z] [worker-~diagnostic~-c82f2ba4-cc1f-4cfb-b9b9-ea50a990cbb4]: BUSY {"metadata":{"emulator":{"name":"functions"},"message":"[worker-~diagnostic~-c82f2ba4-cc1f-4cfb-b9b9-ea50a990cbb4]: BUSY"}}
[debug] [2022-06-29T06:03:18.674Z] [runtime-status] [1300] Functions runtime initialized. {"cwd":"C:\\Users\\acer\\Desktop\\MernPros\\ecommerce\\functions","node_version":"16.13.0"} {"metadata":{"emulator":{"name":"functions"},"message":"[runtime-status] [1300] Functions runtime initialized. {\"cwd\":\"C:\\\\Users\\\\acer\\\\Desktop\\\\MernPros\\\\ecommerce\\\\functions\",\"node_version\":\"16.13.0\"}"}}
[debug] [2022-06-29T06:03:18.676Z] [runtime-status] [1300] Disabled runtime features: undefined {"metadata":{"emulator":{"name":"functions"},"message":"[runtime-status] [1300] Disabled runtime features: undefined"}}
[debug] [2022-06-29T06:03:18.684Z] [runtime-status] [1300] Resolved module firebase-admin {"declared":true,"installed":true,"version":"9.12.0","resolution":"C:\\Users\\acer\\Desktop\\MernPros\\ecommerce\\functions\\node_modules\\firebase-admin\\lib\\index.js"} {"metadata":{"emulator":{"name":"functions"},"message":"[runtime-status] [1300] Resolved module firebase-admin {\"declared\":true,\"installed\":true,\"version\":\"9.12.0\",\"resolution\":\"C:\\\\Users\\\\acer\\\\Desktop\\\\MernPros\\\\ecommerce\\\\functions\\\\node_modules\\\\firebase-admin\\\\lib\\\\index.js\"}"}}
[debug] [2022-06-29T06:03:18.691Z] [runtime-status] [1300] Resolved module firebase-functions {"declared":true,"installed":true,"version":"3.16.0","resolution":"C:\\Users\\acer\\Desktop\\MernPros\\ecommerce\\functions\\node_modules\\firebase-functions\\lib\\index.js"} {"metadata":{"emulator":{"name":"functions"},"message":"[runtime-status] [1300] Resolved module firebase-functions {\"declared\":true,\"installed\":true,\"version\":\"3.16.0\",\"resolution\":\"C:\\\\Users\\\\acer\\\\Desktop\\\\MernPros\\\\ecommerce\\\\functions\\\\node_modules\\\\firebase-functions\\\\lib\\\\index.js\"}"}}
[debug] [2022-06-29T06:03:18.694Z] [runtime-status] [1300] Outgoing network have been stubbed. [{"name":"http","status":"mocked"},{"name":"http","status":"mocked"},{"name":"https","status":"mocked"},{"name":"https","status":"mocked"},{"name":"net","status":"mocked"}] {"metadata":{"emulator":{"name":"functions"},"message":"[runtime-status] [1300] Outgoing network have been stubbed. [{\"name\":\"http\",\"status\":\"mocked\"},{\"name\":\"http\",\"status\":\"mocked\"},{\"name\":\"https\",\"status\":\"mocked\"},{\"name\":\"https\",\"status\":\"mocked\"},{\"name\":\"net\",\"status\":\"mocked\"}]"}}
[debug] [2022-06-29T06:03:18.696Z] [runtime-status] [1300] Resolved module firebase-functions {"declared":true,"installed":true,"version":"3.16.0","resolution":"C:\\Users\\acer\\Desktop\\MernPros\\ecommerce\\functions\\node_modules\\firebase-functions\\lib\\index.js"} {"metadata":{"emulator":{"name":"functions"},"message":"[runtime-status] [1300] Resolved module firebase-functions {\"declared\":true,\"installed\":true,\"version\":\"3.16.0\",\"resolution\":\"C:\\\\Users\\\\acer\\\\Desktop\\\\MernPros\\\\ecommerce\\\\functions\\\\node_modules\\\\firebase-functions\\\\lib\\\\index.js\"}"}}
[debug] [2022-06-29T06:03:18.835Z] [runtime-status] [1300] Checked functions.config() {"config":{}} {"metadata":{"emulator":{"name":"functions"},"message":"[runtime-status] [1300] Checked functions.config() {\"config\":{}}"}}
[debug] [2022-06-29T06:03:18.835Z] [runtime-status] [1300] firebase-functions has been stubbed. {"functionsResolution":{"declared":true,"installed":true,"version":"3.16.0","resolution":"C:\\Users\\acer\\Desktop\\MernPros\\ecommerce\\functions\\node_modules\\firebase-functions\\lib\\index.js"}} {"metadata":{"emulator":{"name":"functions"},"message":"[runtime-status] [1300] firebase-functions has been stubbed. {\"functionsResolution\":{\"declared\":true,\"installed\":true,\"version\":\"3.16.0\",\"resolution\":\"C:\\\\Users\\\\acer\\\\Desktop\\\\MernPros\\\\ecommerce\\\\functions\\\\node_modules\\\\firebase-functions\\\\lib\\\\index.js\"}}"}}
[debug] [2022-06-29T06:03:18.836Z] [runtime-status] [1300] Resolved module firebase-functions {"declared":true,"installed":true,"version":"3.16.0","resolution":"C:\\Users\\acer\\Desktop\\MernPros\\ecommerce\\functions\\node_modules\\firebase-functions\\lib\\index.js"} {"metadata":{"emulator":{"name":"functions"},"message":"[runtime-status] [1300] Resolved module firebase-functions {\"declared\":true,\"installed\":true,\"version\":\"3.16.0\",\"resolution\":\"C:\\\\Users\\\\acer\\\\Desktop\\\\MernPros\\\\ecommerce\\\\functions\\\\node_modules\\\\firebase-functions\\\\lib\\\\index.js\"}"}}
[debug] [2022-06-29T06:03:18.839Z] [runtime-status] [1300] Resolved module firebase-admin {"declared":true,"installed":true,"version":"9.12.0","resolution":"C:\\Users\\acer\\Desktop\\MernPros\\ecommerce\\functions\\node_modules\\firebase-admin\\lib\\index.js"} {"metadata":{"emulator":{"name":"functions"},"message":"[runtime-status] [1300] Resolved module firebase-admin {\"declared\":true,\"installed\":true,\"version\":\"9.12.0\",\"resolution\":\"C:\\\\Users\\\\acer\\\\Desktop\\\\MernPros\\\\ecommerce\\\\functions\\\\node_modules\\\\firebase-admin\\\\lib\\\\index.js\"}"}}
[debug] [2022-06-29T06:03:18.840Z] [runtime-status] [1300] Resolved module firebase-functions {"declared":true,"installed":true,"version":"3.16.0","resolution":"C:\\Users\\acer\\Desktop\\MernPros\\ecommerce\\functions\\node_modules\\firebase-functions\\lib\\index.js"} {"metadata":{"emulator":{"name":"functions"},"message":"[runtime-status] [1300] Resolved module firebase-functions {\"declared\":true,\"installed\":true,\"version\":\"3.16.0\",\"resolution\":\"C:\\\\Users\\\\acer\\\\Desktop\\\\MernPros\\\\ecommerce\\\\functions\\\\node_modules\\\\firebase-functions\\\\lib\\\\index.js\"}"}}
[debug] [2022-06-29T06:03:18.841Z] [runtime-status] [1300] firebase-admin has been stubbed. {"adminResolution":{"declared":true,"installed":true,"version":"9.12.0","resolution":"C:\\Users\\acer\\Desktop\\MernPros\\ecommerce\\functions\\node_modules\\firebase-admin\\lib\\index.js"}} {"metadata":{"emulator":{"name":"functions"},"message":"[runtime-status] [1300] firebase-admin has been stubbed. {\"adminResolution\":{\"declared\":true,\"installed\":true,\"version\":\"9.12.0\",\"resolution\":\"C:\\\\Users\\\\acer\\\\Desktop\\\\MernPros\\\\ecommerce\\\\functions\\\\node_modules\\\\firebase-admin\\\\lib\\\\index.js\"}}"}}
[info] +  functions[us-central1-api]: http function initialized (http://localhost:5001/ecommercea-c3dcb/us-central1/api). {"metadata":{"emulator":{"name":"functions"},"message":"\u001b[1mhttp\u001b[22m function initialized (http://localhost:5001/ecommercea-c3dcb/us-central1/api)."}}
[info] 
┌─────────────────────────────────────────────────────────────┐
│ ✔  All emulators ready! It is now safe to connect your app. │
│ i  View Emulator UI at http://localhost:4000                │
└─────────────────────────────────────────────────────────────┘

┌───────────┬────────────────┬─────────────────────────────────┐
│ Emulator  │ Host:Port      │ View in Emulator UI             │
├───────────┼────────────────┼─────────────────────────────────┤
│ Functions │ localhost:5001 │ http://localhost:4000/functions │
└───────────┴────────────────┴─────────────────────────────────┘
  Emulator Hub running at localhost:4400
  Other reserved ports: 4500

Issues? Report them at https://github.com/firebase/firebase-tools/issues and attach the *-debug.log files.
 
[debug] [2022-06-29T06:03:19.368Z] [worker-~diagnostic~-c82f2ba4-cc1f-4cfb-b9b9-ea50a990cbb4]: IDLE {"metadata":{"emulator":{"name":"functions"},"message":"[worker-~diagnostic~-c82f2ba4-cc1f-4cfb-b9b9-ea50a990cbb4]: IDLE"}}
[debug] [2022-06-29T06:03:30.139Z] [work-queue] {"queueLength":1,"workRunningCount":0}
[debug] [2022-06-29T06:03:30.140Z] [work-queue] {"queueLength":0,"workRunningCount":1}
[debug] [2022-06-29T06:03:30.141Z] Accepted request OPTIONS /ecommercea-c3dcb/us-central1/api/payments/create?total=0 --> us-central1-api
[debug] [2022-06-29T06:03:30.153Z] [worker-pool] addWorker(us-central1-api) {"metadata":{"emulator":{"name":"functions"},"message":"[worker-pool] addWorker(us-central1-api)"}}
[debug] [2022-06-29T06:03:30.154Z] [worker-pool] Adding worker with key us-central1-api, total=1 {"metadata":{"emulator":{"name":"functions"},"message":"[worker-pool] Adding worker with key us-central1-api, total=1"}}
[debug] [2022-06-29T06:03:30.154Z] [worker-pool] submitWork(triggerId=us-central1-api) {"metadata":{"emulator":{"name":"functions"},"message":"[worker-pool] submitWork(triggerId=us-central1-api)"}}
[debug] [2022-06-29T06:03:30.154Z] [worker-us-central1-api-6737ca00-2e94-4f14-8605-e9201f2040d8]: Assigning socketPath: \\?\pipe\C:\Users\acer\Desktop\MernPros\ecommerce\functions\10364 {"metadata":{"emulator":{"name":"functions"},"message":"[worker-us-central1-api-6737ca00-2e94-4f14-8605-e9201f2040d8]: Assigning socketPath: \\\\?\\pipe\\C:\\Users\\acer\\Desktop\\MernPros\\ecommerce\\functions\\10364"}}
[debug] [2022-06-29T06:03:30.154Z] [worker-us-central1-api-6737ca00-2e94-4f14-8605-e9201f2040d8]: BUSY {"metadata":{"emulator":{"name":"functions"},"message":"[worker-us-central1-api-6737ca00-2e94-4f14-8605-e9201f2040d8]: BUSY"}}
[debug] [2022-06-29T06:03:30.692Z] [runtime-status] [10364] Functions runtime initialized. {"cwd":"C:\\Users\\acer\\Desktop\\MernPros\\ecommerce\\functions","node_version":"16.13.0"} {"metadata":{"emulator":{"name":"functions"},"function":{"name":"us-central1-api"},"message":"[runtime-status] [10364] Functions runtime initialized. {\"cwd\":\"C:\\\\Users\\\\acer\\\\Desktop\\\\MernPros\\\\ecommerce\\\\functions\",\"node_version\":\"16.13.0\"}"}}
[debug] [2022-06-29T06:03:30.695Z] [runtime-status] [10364] Disabled runtime features: undefined {"metadata":{"emulator":{"name":"functions"},"function":{"name":"us-central1-api"},"message":"[runtime-status] [10364] Disabled runtime features: undefined"}}
[debug] [2022-06-29T06:03:30.704Z] [runtime-status] [10364] Resolved module firebase-admin {"declared":true,"installed":true,"version":"9.12.0","resolution":"C:\\Users\\acer\\Desktop\\MernPros\\ecommerce\\functions\\node_modules\\firebase-admin\\lib\\index.js"} {"metadata":{"emulator":{"name":"functions"},"function":{"name":"us-central1-api"},"message":"[runtime-status] [10364] Resolved module firebase-admin {\"declared\":true,\"installed\":true,\"version\":\"9.12.0\",\"resolution\":\"C:\\\\Users\\\\acer\\\\Desktop\\\\MernPros\\\\ecommerce\\\\functions\\\\node_modules\\\\firebase-admin\\\\lib\\\\index.js\"}"}}
[debug] [2022-06-29T06:03:30.735Z] [runtime-status] [10364] Resolved module firebase-functions {"declared":true,"installed":true,"version":"3.16.0","resolution":"C:\\Users\\acer\\Desktop\\MernPros\\ecommerce\\functions\\node_modules\\firebase-functions\\lib\\index.js"} {"metadata":{"emulator":{"name":"functions"},"function":{"name":"us-central1-api"},"message":"[runtime-status] [10364] Resolved module firebase-functions {\"declared\":true,\"installed\":true,\"version\":\"3.16.0\",\"resolution\":\"C:\\\\Users\\\\acer\\\\Desktop\\\\MernPros\\\\ecommerce\\\\functions\\\\node_modules\\\\firebase-functions\\\\lib\\\\index.js\"}"}}
[debug] [2022-06-29T06:03:30.748Z] [runtime-status] [10364] Outgoing network have been stubbed. [{"name":"http","status":"mocked"},{"name":"http","status":"mocked"},{"name":"https","status":"mocked"},{"name":"https","status":"mocked"},{"name":"net","status":"mocked"}] {"metadata":{"emulator":{"name":"functions"},"function":{"name":"us-central1-api"},"message":"[runtime-status] [10364] Outgoing network have been stubbed. [{\"name\":\"http\",\"status\":\"mocked\"},{\"name\":\"http\",\"status\":\"mocked\"},{\"name\":\"https\",\"status\":\"mocked\"},{\"name\":\"https\",\"status\":\"mocked\"},{\"name\":\"net\",\"status\":\"mocked\"}]"}}
[debug] [2022-06-29T06:03:30.751Z] [runtime-status] [10364] Resolved module firebase-functions {"declared":true,"installed":true,"version":"3.16.0","resolution":"C:\\Users\\acer\\Desktop\\MernPros\\ecommerce\\functions\\node_modules\\firebase-functions\\lib\\index.js"} {"metadata":{"emulator":{"name":"functions"},"function":{"name":"us-central1-api"},"message":"[runtime-status] [10364] Resolved module firebase-functions {\"declared\":true,\"installed\":true,\"version\":\"3.16.0\",\"resolution\":\"C:\\\\Users\\\\acer\\\\Desktop\\\\MernPros\\\\ecommerce\\\\functions\\\\node_modules\\\\firebase-functions\\\\lib\\\\index.js\"}"}}
[debug] [2022-06-29T06:03:30.962Z] [runtime-status] [10364] Checked functions.config() {"config":{}} {"metadata":{"emulator":{"name":"functions"},"function":{"name":"us-central1-api"},"message":"[runtime-status] [10364] Checked functions.config() {\"config\":{}}"}}
[debug] [2022-06-29T06:03:30.963Z] [runtime-status] [10364] firebase-functions has been stubbed. {"functionsResolution":{"declared":true,"installed":true,"version":"3.16.0","resolution":"C:\\Users\\acer\\Desktop\\MernPros\\ecommerce\\functions\\node_modules\\firebase-functions\\lib\\index.js"}} {"metadata":{"emulator":{"name":"functions"},"function":{"name":"us-central1-api"},"message":"[runtime-status] [10364] firebase-functions has been stubbed. {\"functionsResolution\":{\"declared\":true,\"installed\":true,\"version\":\"3.16.0\",\"resolution\":\"C:\\\\Users\\\\acer\\\\Desktop\\\\MernPros\\\\ecommerce\\\\functions\\\\node_modules\\\\firebase-functions\\\\lib\\\\index.js\"}}"}}
[debug] [2022-06-29T06:03:30.967Z] [runtime-status] [10364] Resolved module firebase-functions {"declared":true,"installed":true,"version":"3.16.0","resolution":"C:\\Users\\acer\\Desktop\\MernPros\\ecommerce\\functions\\node_modules\\firebase-functions\\lib\\index.js"} {"metadata":{"emulator":{"name":"functions"},"function":{"name":"us-central1-api"},"message":"[runtime-status] [10364] Resolved module firebase-functions {\"declared\":true,\"installed\":true,\"version\":\"3.16.0\",\"resolution\":\"C:\\\\Users\\\\acer\\\\Desktop\\\\MernPros\\\\ecommerce\\\\functions\\\\node_modules\\\\firebase-functions\\\\lib\\\\index.js\"}"}}
[debug] [2022-06-29T06:03:30.972Z] [runtime-status] [10364] Resolved module firebase-admin {"declared":true,"installed":true,"version":"9.12.0","resolution":"C:\\Users\\acer\\Desktop\\MernPros\\ecommerce\\functions\\node_modules\\firebase-admin\\lib\\index.js"} {"metadata":{"emulator":{"name":"functions"},"function":{"name":"us-central1-api"},"message":"[runtime-status] [10364] Resolved module firebase-admin {\"declared\":true,\"installed\":true,\"version\":\"9.12.0\",\"resolution\":\"C:\\\\Users\\\\acer\\\\Desktop\\\\MernPros\\\\ecommerce\\\\functions\\\\node_modules\\\\firebase-admin\\\\lib\\\\index.js\"}"}}
[debug] [2022-06-29T06:03:30.978Z] [runtime-status] [10364] Resolved module firebase-functions {"declared":true,"installed":true,"version":"3.16.0","resolution":"C:\\Users\\acer\\Desktop\\MernPros\\ecommerce\\functions\\node_modules\\firebase-functions\\lib\\index.js"} {"metadata":{"emulator":{"name":"functions"},"function":{"name":"us-central1-api"},"message":"[runtime-status] [10364] Resolved module firebase-functions {\"declared\":true,\"installed\":true,\"version\":\"3.16.0\",\"resolution\":\"C:\\\\Users\\\\acer\\\\Desktop\\\\MernPros\\\\ecommerce\\\\functions\\\\node_modules\\\\firebase-functions\\\\lib\\\\index.js\"}"}}
[debug] [2022-06-29T06:03:30.979Z] [runtime-status] [10364] firebase-admin has been stubbed. {"adminResolution":{"declared":true,"installed":true,"version":"9.12.0","resolution":"C:\\Users\\acer\\Desktop\\MernPros\\ecommerce\\functions\\node_modules\\firebase-admin\\lib\\index.js"}} {"metadata":{"emulator":{"name":"functions"},"function":{"name":"us-central1-api"},"message":"[runtime-status] [10364] firebase-admin has been stubbed. {\"adminResolution\":{\"declared\":true,\"installed\":true,\"version\":\"9.12.0\",\"resolution\":\"C:\\\\Users\\\\acer\\\\Desktop\\\\MernPros\\\\ecommerce\\\\functions\\\\node_modules\\\\firebase-admin\\\\lib\\\\index.js\"}}"}}
[debug] [2022-06-29T06:03:31.456Z] [runtime-status] [10364] Trigger "us-central1-api" has been found, beginning invocation! {"metadata":{"emulator":{"name":"functions"},"function":{"name":"us-central1-api"},"message":"[runtime-status] [10364] Trigger \"us-central1-api\" has been found, beginning invocation!"}}
[info] i  functions: Beginning execution of "us-central1-api" {"metadata":{"emulator":{"name":"functions"},"function":{"name":"us-central1-api"},"message":"Beginning execution of \"us-central1-api\""}}
[debug] [2022-06-29T06:03:31.461Z] [runtime-status] [10364] triggerDefinition {"httpsTrigger":{},"name":"api","entryPoint":"api","regions":["us-central1"],"region":"us-central1","id":"us-central1-api","platform":"gcfv1"} {"metadata":{"emulator":{"name":"functions"},"function":{"name":"us-central1-api"},"message":"[runtime-status] [10364] triggerDefinition {\"httpsTrigger\":{},\"name\":\"api\",\"entryPoint\":\"api\",\"regions\":[\"us-central1\"],\"region\":\"us-central1\",\"id\":\"us-central1-api\",\"platform\":\"gcfv1\"}"}}
[debug] [2022-06-29T06:03:31.461Z] [runtime-status] [10364] Running us-central1-api in signature http {"metadata":{"emulator":{"name":"functions"},"function":{"name":"us-central1-api"},"message":"[runtime-status] [10364] Running us-central1-api in signature http"}}
[debug] [2022-06-29T06:03:31.465Z] [runtime-status] [10364] Attempting to listen to socketPath: \\?\pipe\C:\Users\acer\Desktop\MernPros\ecommerce\functions\10364 {"metadata":{"emulator":{"name":"functions"},"function":{"name":"us-central1-api"},"message":"[runtime-status] [10364] Attempting to listen to socketPath: \\\\?\\pipe\\C:\\Users\\acer\\Desktop\\MernPros\\ecommerce\\functions\\10364"}}
[debug] [2022-06-29T06:03:31.470Z] [functions] Runtime ready! Sending request! {"metadata":{"emulator":{"name":"functions"},"message":"[functions] Runtime ready! Sending request!"}}
[debug] [2022-06-29T06:03:31.471Z] [functions] Got req.url=/ecommercea-c3dcb/us-central1/api/payments/create?total=0, mapping to path=/payments/create?total=0 {"metadata":{"emulator":{"name":"functions"},"message":"[functions] Got req.url=/ecommercea-c3dcb/us-central1/api/payments/create?total=0, mapping to path=/payments/create?total=0"}}
[debug] [2022-06-29T06:03:31.486Z] [runtime-status] [10364] Ephemeral server handling OPTIONS request {"metadata":{"emulator":{"name":"functions"},"function":{"name":"us-central1-api"},"message":"[runtime-status] [10364] Ephemeral server handling OPTIONS request"}}
[debug] [2022-06-29T06:03:31.498Z] [work-queue] {"queueLength":1,"workRunningCount":1}
[debug] [2022-06-29T06:03:31.498Z] [work-queue] {"queueLength":0,"workRunningCount":2}
[debug] [2022-06-29T06:03:31.498Z] Accepted request POST /ecommercea-c3dcb/us-central1/api/payments/create?total=0 --> us-central1-api
[debug] [2022-06-29T06:03:31.507Z] [worker-pool] addWorker(us-central1-api) {"metadata":{"emulator":{"name":"functions"},"message":"[worker-pool] addWorker(us-central1-api)"}}
[debug] [2022-06-29T06:03:31.509Z] [worker-pool] Adding worker with key us-central1-api, total=2 {"metadata":{"emulator":{"name":"functions"},"message":"[worker-pool] Adding worker with key us-central1-api, total=2"}}
[debug] [2022-06-29T06:03:31.509Z] [worker-pool] submitWork(triggerId=us-central1-api) {"metadata":{"emulator":{"name":"functions"},"message":"[worker-pool] submitWork(triggerId=us-central1-api)"}}
[debug] [2022-06-29T06:03:31.509Z] [worker-us-central1-api-38ace249-54e6-40be-bcc4-a936cd9a420b]: Assigning socketPath: \\?\pipe\C:\Users\acer\Desktop\MernPros\ecommerce\functions\8132 {"metadata":{"emulator":{"name":"functions"},"message":"[worker-us-central1-api-38ace249-54e6-40be-bcc4-a936cd9a420b]: Assigning socketPath: \\\\?\\pipe\\C:\\Users\\acer\\Desktop\\MernPros\\ecommerce\\functions\\8132"}}
[debug] [2022-06-29T06:03:31.509Z] [worker-us-central1-api-38ace249-54e6-40be-bcc4-a936cd9a420b]: BUSY {"metadata":{"emulator":{"name":"functions"},"message":"[worker-us-central1-api-38ace249-54e6-40be-bcc4-a936cd9a420b]: BUSY"}}
[debug] [2022-06-29T06:03:31.510Z] [runtime-status] [10364] Ephemeral server survived. {"metadata":{"emulator":{"name":"functions"},"function":{"name":"us-central1-api"},"message":"[runtime-status] [10364] Ephemeral server survived."}}
[info] i  functions: Finished "us-central1-api" in ~1s {"metadata":{"emulator":{"name":"functions"},"function":{"name":"us-central1-api"},"message":"Finished \"us-central1-api\" in ~1s"}}
[debug] [2022-06-29T06:03:31.518Z] [worker-us-central1-api-6737ca00-2e94-4f14-8605-e9201f2040d8]: IDLE {"metadata":{"emulator":{"name":"functions"},"message":"[worker-us-central1-api-6737ca00-2e94-4f14-8605-e9201f2040d8]: IDLE"}}
[debug] [2022-06-29T06:03:31.519Z] [work-queue] {"queueLength":0,"workRunningCount":1}
[debug] [2022-06-29T06:03:31.928Z] [runtime-status] [8132] Functions runtime initialized. {"cwd":"C:\\Users\\acer\\Desktop\\MernPros\\ecommerce\\functions","node_version":"16.13.0"} {"metadata":{"emulator":{"name":"functions"},"function":{"name":"us-central1-api"},"message":"[runtime-status] [8132] Functions runtime initialized. {\"cwd\":\"C:\\\\Users\\\\acer\\\\Desktop\\\\MernPros\\\\ecommerce\\\\functions\",\"node_version\":\"16.13.0\"}"}}
[debug] [2022-06-29T06:03:31.930Z] [runtime-status] [8132] Disabled runtime features: undefined {"metadata":{"emulator":{"name":"functions"},"function":{"name":"us-central1-api"},"message":"[runtime-status] [8132] Disabled runtime features: undefined"}}
[debug] [2022-06-29T06:03:31.947Z] [runtime-status] [8132] Resolved module firebase-admin {"declared":true,"installed":true,"version":"9.12.0","resolution":"C:\\Users\\acer\\Desktop\\MernPros\\ecommerce\\functions\\node_modules\\firebase-admin\\lib\\index.js"} {"metadata":{"emulator":{"name":"functions"},"function":{"name":"us-central1-api"},"message":"[runtime-status] [8132] Resolved module firebase-admin {\"declared\":true,\"installed\":true,\"version\":\"9.12.0\",\"resolution\":\"C:\\\\Users\\\\acer\\\\Desktop\\\\MernPros\\\\ecommerce\\\\functions\\\\node_modules\\\\firebase-admin\\\\lib\\\\index.js\"}"}}
[debug] [2022-06-29T06:03:31.956Z] [runtime-status] [8132] Resolved module firebase-functions {"declared":true,"installed":true,"version":"3.16.0","resolution":"C:\\Users\\acer\\Desktop\\MernPros\\ecommerce\\functions\\node_modules\\firebase-functions\\lib\\index.js"} {"metadata":{"emulator":{"name":"functions"},"function":{"name":"us-central1-api"},"message":"[runtime-status] [8132] Resolved module firebase-functions {\"declared\":true,\"installed\":true,\"version\":\"3.16.0\",\"resolution\":\"C:\\\\Users\\\\acer\\\\Desktop\\\\MernPros\\\\ecommerce\\\\functions\\\\node_modules\\\\firebase-functions\\\\lib\\\\index.js\"}"}}
[debug] [2022-06-29T06:03:31.963Z] [runtime-status] [8132] Outgoing network have been stubbed. [{"name":"http","status":"mocked"},{"name":"http","status":"mocked"},{"name":"https","status":"mocked"},{"name":"https","status":"mocked"},{"name":"net","status":"mocked"}] {"metadata":{"emulator":{"name":"functions"},"function":{"name":"us-central1-api"},"message":"[runtime-status] [8132] Outgoing network have been stubbed. [{\"name\":\"http\",\"status\":\"mocked\"},{\"name\":\"http\",\"status\":\"mocked\"},{\"name\":\"https\",\"status\":\"mocked\"},{\"name\":\"https\",\"status\":\"mocked\"},{\"name\":\"net\",\"status\":\"mocked\"}]"}}
[debug] [2022-06-29T06:03:31.965Z] [runtime-status] [8132] Resolved module firebase-functions {"declared":true,"installed":true,"version":"3.16.0","resolution":"C:\\Users\\acer\\Desktop\\MernPros\\ecommerce\\functions\\node_modules\\firebase-functions\\lib\\index.js"} {"metadata":{"emulator":{"name":"functions"},"function":{"name":"us-central1-api"},"message":"[runtime-status] [8132] Resolved module firebase-functions {\"declared\":true,\"installed\":true,\"version\":\"3.16.0\",\"resolution\":\"C:\\\\Users\\\\acer\\\\Desktop\\\\MernPros\\\\ecommerce\\\\functions\\\\node_modules\\\\firebase-functions\\\\lib\\\\index.js\"}"}}
[debug] [2022-06-29T06:03:32.049Z] [runtime-status] [8132] Checked functions.config() {"config":{}} {"metadata":{"emulator":{"name":"functions"},"function":{"name":"us-central1-api"},"message":"[runtime-status] [8132] Checked functions.config() {\"config\":{}}"}}
[debug] [2022-06-29T06:03:32.049Z] [runtime-status] [8132] firebase-functions has been stubbed. {"functionsResolution":{"declared":true,"installed":true,"version":"3.16.0","resolution":"C:\\Users\\acer\\Desktop\\MernPros\\ecommerce\\functions\\node_modules\\firebase-functions\\lib\\index.js"}} {"metadata":{"emulator":{"name":"functions"},"function":{"name":"us-central1-api"},"message":"[runtime-status] [8132] firebase-functions has been stubbed. {\"functionsResolution\":{\"declared\":true,\"installed\":true,\"version\":\"3.16.0\",\"resolution\":\"C:\\\\Users\\\\acer\\\\Desktop\\\\MernPros\\\\ecommerce\\\\functions\\\\node_modules\\\\firebase-functions\\\\lib\\\\index.js\"}}"}}
[debug] [2022-06-29T06:03:32.051Z] [runtime-status] [8132] Resolved module firebase-functions {"declared":true,"installed":true,"version":"3.16.0","resolution":"C:\\Users\\acer\\Desktop\\MernPros\\ecommerce\\functions\\node_modules\\firebase-functions\\lib\\index.js"} {"metadata":{"emulator":{"name":"functions"},"function":{"name":"us-central1-api"},"message":"[runtime-status] [8132] Resolved module firebase-functions {\"declared\":true,\"installed\":true,\"version\":\"3.16.0\",\"resolution\":\"C:\\\\Users\\\\acer\\\\Desktop\\\\MernPros\\\\ecommerce\\\\functions\\\\node_modules\\\\firebase-functions\\\\lib\\\\index.js\"}"}}
[debug] [2022-06-29T06:03:32.053Z] [runtime-status] [8132] Resolved module firebase-admin {"declared":true,"installed":true,"version":"9.12.0","resolution":"C:\\Users\\acer\\Desktop\\MernPros\\ecommerce\\functions\\node_modules\\firebase-admin\\lib\\index.js"} {"metadata":{"emulator":{"name":"functions"},"function":{"name":"us-central1-api"},"message":"[runtime-status] [8132] Resolved module firebase-admin {\"declared\":true,\"installed\":true,\"version\":\"9.12.0\",\"resolution\":\"C:\\\\Users\\\\acer\\\\Desktop\\\\MernPros\\\\ecommerce\\\\functions\\\\node_modules\\\\firebase-admin\\\\lib\\\\index.js\"}"}}
[debug] [2022-06-29T06:03:32.054Z] [runtime-status] [8132] Resolved module firebase-functions {"declared":true,"installed":true,"version":"3.16.0","resolution":"C:\\Users\\acer\\Desktop\\MernPros\\ecommerce\\functions\\node_modules\\firebase-functions\\lib\\index.js"} {"metadata":{"emulator":{"name":"functions"},"function":{"name":"us-central1-api"},"message":"[runtime-status] [8132] Resolved module firebase-functions {\"declared\":true,\"installed\":true,\"version\":\"3.16.0\",\"resolution\":\"C:\\\\Users\\\\acer\\\\Desktop\\\\MernPros\\\\ecommerce\\\\functions\\\\node_modules\\\\firebase-functions\\\\lib\\\\index.js\"}"}}
[debug] [2022-06-29T06:03:32.054Z] [runtime-status] [8132] firebase-admin has been stubbed. {"adminResolution":{"declared":true,"installed":true,"version":"9.12.0","resolution":"C:\\Users\\acer\\Desktop\\MernPros\\ecommerce\\functions\\node_modules\\firebase-admin\\lib\\index.js"}} {"metadata":{"emulator":{"name":"functions"},"function":{"name":"us-central1-api"},"message":"[runtime-status] [8132] firebase-admin has been stubbed. {\"adminResolution\":{\"declared\":true,\"installed\":true,\"version\":\"9.12.0\",\"resolution\":\"C:\\\\Users\\\\acer\\\\Desktop\\\\MernPros\\\\ecommerce\\\\functions\\\\node_modules\\\\firebase-admin\\\\lib\\\\index.js\"}}"}}
[debug] [2022-06-29T06:03:32.376Z] [runtime-status] [8132] Trigger "us-central1-api" has been found, beginning invocation! {"metadata":{"emulator":{"name":"functions"},"function":{"name":"us-central1-api"},"message":"[runtime-status] [8132] Trigger \"us-central1-api\" has been found, beginning invocation!"}}
[info] i  functions: Beginning execution of "us-central1-api" {"metadata":{"emulator":{"name":"functions"},"function":{"name":"us-central1-api"},"message":"Beginning execution of \"us-central1-api\""}}
[debug] [2022-06-29T06:03:32.378Z] [runtime-status] [8132] triggerDefinition {"httpsTrigger":{},"name":"api","entryPoint":"api","regions":["us-central1"],"region":"us-central1","id":"us-central1-api","platform":"gcfv1"} {"metadata":{"emulator":{"name":"functions"},"function":{"name":"us-central1-api"},"message":"[runtime-status] [8132] triggerDefinition {\"httpsTrigger\":{},\"name\":\"api\",\"entryPoint\":\"api\",\"regions\":[\"us-central1\"],\"region\":\"us-central1\",\"id\":\"us-central1-api\",\"platform\":\"gcfv1\"}"}}
[debug] [2022-06-29T06:03:32.379Z] [runtime-status] [8132] Running us-central1-api in signature http {"metadata":{"emulator":{"name":"functions"},"function":{"name":"us-central1-api"},"message":"[runtime-status] [8132] Running us-central1-api in signature http"}}
[debug] [2022-06-29T06:03:32.384Z] [runtime-status] [8132] Attempting to listen to socketPath: \\?\pipe\C:\Users\acer\Desktop\MernPros\ecommerce\functions\8132 {"metadata":{"emulator":{"name":"functions"},"function":{"name":"us-central1-api"},"message":"[runtime-status] [8132] Attempting to listen to socketPath: \\\\?\\pipe\\C:\\Users\\acer\\Desktop\\MernPros\\ecommerce\\functions\\8132"}}
[debug] [2022-06-29T06:03:32.387Z] [functions] Runtime ready! Sending request! {"metadata":{"emulator":{"name":"functions"},"message":"[functions] Runtime ready! Sending request!"}}
[debug] [2022-06-29T06:03:32.388Z] [functions] Got req.url=/ecommercea-c3dcb/us-central1/api/payments/create?total=0, mapping to path=/payments/create?total=0 {"metadata":{"emulator":{"name":"functions"},"message":"[functions] Got req.url=/ecommercea-c3dcb/us-central1/api/payments/create?total=0, mapping to path=/payments/create?total=0"}}
[debug] [2022-06-29T06:03:32.426Z] [runtime-status] [8132] Ephemeral server handling POST request {"metadata":{"emulator":{"name":"functions"},"function":{"name":"us-central1-api"},"message":"[runtime-status] [8132] Ephemeral server handling POST request"}}
[info] >  abcd { name: 'Aj store items', price: 0 } {"user":"abcd { name: 'Aj store items', price: 0 }","metadata":{"emulator":{"name":"functions"},"function":{"name":"us-central1-api"},"message":"\u001b[90m> \u001b[39m abcd { name: 'Aj store items', price: 0 }"}}
[info] >  items are: { name: 'Aj store items', price: 0 } {"user":"items are: { name: 'Aj store items', price: 0 }","metadata":{"emulator":{"name":"functions"},"function":{"name":"us-central1-api"},"message":"\u001b[90m> \u001b[39m items are: { name: 'Aj store items', price: 0 }"}}
[debug] [2022-06-29T06:03:32.447Z] [runtime-status] [8132] Ephemeral server survived. {"metadata":{"emulator":{"name":"functions"},"function":{"name":"us-central1-api"},"message":"[runtime-status] [8132] Ephemeral server survived."}}
[info] >  C:\Users\acer\Desktop\MernPros\ecommerce\functions\node_modules\stripe\lib\Error.js:40 {"user":"C:\\Users\\acer\\Desktop\\MernPros\\ecommerce\\functions\\node_modules\\stripe\\lib\\Error.js:40\r","metadata":{"emulator":{"name":"functions"},"function":{"name":"us-central1-api"},"message":"\u001b[90m> \u001b[39m C:\\Users\\acer\\Desktop\\MernPros\\ecommerce\\functions\\node_modules\\stripe\\lib\\Error.js:40\r"}}
[info] >          return new StripeInvalidRequestError(rawStripeError); {"user":"        return new StripeInvalidRequestError(rawStripeError);\r","metadata":{"emulator":{"name":"functions"},"function":{"name":"us-central1-api"},"message":"\u001b[90m> \u001b[39m         return new StripeInvalidRequestError(rawStripeError);\r"}}
[info] >                 ^ {"user":"               ^\r","metadata":{"emulator":{"name":"functions"},"function":{"name":"us-central1-api"},"message":"\u001b[90m> \u001b[39m                ^\r"}}
[info] >   {"user":"\r","metadata":{"emulator":{"name":"functions"},"function":{"name":"us-central1-api"},"message":"\u001b[90m> \u001b[39m \r"}}
[info] >  StripeInvalidRequestError: This value must be greater than or equal to 1. {"user":"StripeInvalidRequestError: This value must be greater than or equal to 1.\r","metadata":{"emulator":{"name":"functions"},"function":{"name":"us-central1-api"},"message":"\u001b[90m> \u001b[39m StripeInvalidRequestError: This value must be greater than or equal to 1.\r"}}
[info] >      at Function.generate (C:\Users\acer\Desktop\MernPros\ecommerce\functions\node_modules\stripe\lib\Error.js:40:16) {"user":"    at Function.generate (C:\\Users\\acer\\Desktop\\MernPros\\ecommerce\\functions\\node_modules\\stripe\\lib\\Error.js:40:16)\r","metadata":{"emulator":{"name":"functions"},"function":{"name":"us-central1-api"},"message":"\u001b[90m> \u001b[39m     at Function.generate (C:\\Users\\acer\\Desktop\\MernPros\\ecommerce\\functions\\node_modules\\stripe\\lib\\Error.js:40:16)\r"}}
[info] >      at res.toJSON.then.StripeAPIError.message (C:\Users\acer\Desktop\MernPros\ecommerce\functions\node_modules\stripe\lib\StripeResource.js:220:35) {"user":"    at res.toJSON.then.StripeAPIError.message (C:\\Users\\acer\\Desktop\\MernPros\\ecommerce\\functions\\node_modules\\stripe\\lib\\StripeResource.js:220:35)\r","metadata":{"emulator":{"name":"functions"},"function":{"name":"us-central1-api"},"message":"\u001b[90m> \u001b[39m     at res.toJSON.then.StripeAPIError.message (C:\\Users\\acer\\Desktop\\MernPros\\ecommerce\\functions\\node_modules\\stripe\\lib\\StripeResource.js:220:35)\r"}}
[info] >      at processTicksAndRejections (node:internal/process/task_queues:96:5) { {"user":"    at processTicksAndRejections (node:internal/process/task_queues:96:5) {\r","metadata":{"emulator":{"name":"functions"},"function":{"name":"us-central1-api"},"message":"\u001b[90m> \u001b[39m     at processTicksAndRejections (node:internal/process/task_queues:96:5) {\r"}}
[info] >    type: 'StripeInvalidRequestError', {"user":"  type: 'StripeInvalidRequestError',\r","metadata":{"emulator":{"name":"functions"},"function":{"name":"us-central1-api"},"message":"\u001b[90m> \u001b[39m   type: 'StripeInvalidRequestError',\r"}}
[info] >    raw: { {"user":"  raw: {\r","metadata":{"emulator":{"name":"functions"},"function":{"name":"us-central1-api"},"message":"\u001b[90m> \u001b[39m   raw: {\r"}}
[info] >      code: 'parameter_invalid_integer', {"user":"    code: 'parameter_invalid_integer',\r","metadata":{"emulator":{"name":"functions"},"function":{"name":"us-central1-api"},"message":"\u001b[90m> \u001b[39m     code: 'parameter_invalid_integer',\r"}}
[info] >      doc_url: 'https://stripe.com/docs/error-codes/parameter-invalid-integer', {"user":"    doc_url: 'https://stripe.com/docs/error-codes/parameter-invalid-integer',\r","metadata":{"emulator":{"name":"functions"},"function":{"name":"us-central1-api"},"message":"\u001b[90m> \u001b[39m     doc_url: 'https://stripe.com/docs/error-codes/parameter-invalid-integer',\r"}}
[info] >      message: 'This value must be greater than or equal to 1.', {"user":"    message: 'This value must be greater than or equal to 1.',\r","metadata":{"emulator":{"name":"functions"},"function":{"name":"us-central1-api"},"message":"\u001b[90m> \u001b[39m     message: 'This value must be greater than or equal to 1.',\r"}}
[info] >      param: 'amount', {"user":"    param: 'amount',\r","metadata":{"emulator":{"name":"functions"},"function":{"name":"us-central1-api"},"message":"\u001b[90m> \u001b[39m     param: 'amount',\r"}}
[info] >      type: 'invalid_request_error', {"user":"    type: 'invalid_request_error',\r","metadata":{"emulator":{"name":"functions"},"function":{"name":"us-central1-api"},"message":"\u001b[90m> \u001b[39m     type: 'invalid_request_error',\r"}}
[info] >      headers: { {"user":"    headers: {\r","metadata":{"emulator":{"name":"functions"},"function":{"name":"us-central1-api"},"message":"\u001b[90m> \u001b[39m     headers: {\r"}}
[info] >        server: 'nginx', {"user":"      server: 'nginx',\r","metadata":{"emulator":{"name":"functions"},"function":{"name":"us-central1-api"},"message":"\u001b[90m> \u001b[39m       server: 'nginx',\r"}}
[info] >        date: 'Wed, 29 Jun 2022 06:03:33 GMT', {"user":"      date: 'Wed, 29 Jun 2022 06:03:33 GMT',\r","metadata":{"emulator":{"name":"functions"},"function":{"name":"us-central1-api"},"message":"\u001b[90m> \u001b[39m       date: 'Wed, 29 Jun 2022 06:03:33 GMT',\r"}}
[info] >        'content-type': 'application/json', {"user":"      'content-type': 'application/json',\r","metadata":{"emulator":{"name":"functions"},"function":{"name":"us-central1-api"},"message":"\u001b[90m> \u001b[39m       'content-type': 'application/json',\r"}}
[info] >        'content-length': '266', {"user":"      'content-length': '266',\r","metadata":{"emulator":{"name":"functions"},"function":{"name":"us-central1-api"},"message":"\u001b[90m> \u001b[39m       'content-length': '266',\r"}}
[info] >        connection: 'keep-alive', {"user":"      connection: 'keep-alive',\r","metadata":{"emulator":{"name":"functions"},"function":{"name":"us-central1-api"},"message":"\u001b[90m> \u001b[39m       connection: 'keep-alive',\r"}}
[info] >        'access-control-allow-credentials': 'true', {"user":"      'access-control-allow-credentials': 'true',\r","metadata":{"emulator":{"name":"functions"},"function":{"name":"us-central1-api"},"message":"\u001b[90m> \u001b[39m       'access-control-allow-credentials': 'true',\r"}}
[info] >        'access-control-allow-methods': 'GET, POST, HEAD, OPTIONS, DELETE', {"user":"      'access-control-allow-methods': 'GET, POST, HEAD, OPTIONS, DELETE',\r","metadata":{"emulator":{"name":"functions"},"function":{"name":"us-central1-api"},"message":"\u001b[90m> \u001b[39m       'access-control-allow-methods': 'GET, POST, HEAD, OPTIONS, DELETE',\r"}}
[info] >        'access-control-allow-origin': '*', {"user":"      'access-control-allow-origin': '*',\r","metadata":{"emulator":{"name":"functions"},"function":{"name":"us-central1-api"},"message":"\u001b[90m> \u001b[39m       'access-control-allow-origin': '*',\r"}}
[info] >        'access-control-expose-headers': 'Request-Id, Stripe-Manage-Version, X-Stripe-External-Auth-Required, X-Stripe-Privileged-Session-Required', {"user":"      'access-control-expose-headers': 'Request-Id, Stripe-Manage-Version, X-Stripe-External-Auth-Required, X-Stripe-Privileged-Session-Required',\r","metadata":{"emulator":{"name":"functions"},"function":{"name":"us-central1-api"},"message":"\u001b[90m> \u001b[39m       'access-control-expose-headers': 'Request-Id, Stripe-Manage-Version, X-Stripe-External-Auth-Required, X-Stripe-Privileged-Session-Required',\r"}}
[info] >        'access-control-max-age': '300', {"user":"      'access-control-max-age': '300',\r","metadata":{"emulator":{"name":"functions"},"function":{"name":"us-central1-api"},"message":"\u001b[90m> \u001b[39m       'access-control-max-age': '300',\r"}}
[info] >        'cache-control': 'no-cache, no-store', {"user":"      'cache-control': 'no-cache, no-store',\r","metadata":{"emulator":{"name":"functions"},"function":{"name":"us-central1-api"},"message":"\u001b[90m> \u001b[39m       'cache-control': 'no-cache, no-store',\r"}}
[info] >        'idempotency-key': '275553ad-7c3e-413b-b584-107a10b2e1ea', {"user":"      'idempotency-key': '275553ad-7c3e-413b-b584-107a10b2e1ea',\r","metadata":{"emulator":{"name":"functions"},"function":{"name":"us-central1-api"},"message":"\u001b[90m> \u001b[39m       'idempotency-key': '275553ad-7c3e-413b-b584-107a10b2e1ea',\r"}}
[info] >        'original-request': 'req_yV640IcqCIRHdw', {"user":"      'original-request': 'req_yV640IcqCIRHdw',\r","metadata":{"emulator":{"name":"functions"},"function":{"name":"us-central1-api"},"message":"\u001b[90m> \u001b[39m       'original-request': 'req_yV640IcqCIRHdw',\r"}}
[info] >        'request-id': 'req_yV640IcqCIRHdw', {"user":"      'request-id': 'req_yV640IcqCIRHdw',\r","metadata":{"emulator":{"name":"functions"},"function":{"name":"us-central1-api"},"message":"\u001b[90m> \u001b[39m       'request-id': 'req_yV640IcqCIRHdw',\r"}}
[info] >        'stripe-version': '2020-08-27', {"user":"      'stripe-version': '2020-08-27',\r","metadata":{"emulator":{"name":"functions"},"function":{"name":"us-central1-api"},"message":"\u001b[90m> \u001b[39m       'stripe-version': '2020-08-27',\r"}}
[info] >        'strict-transport-security': 'max-age=31556926; includeSubDomains; preload' {"user":"      'strict-transport-security': 'max-age=31556926; includeSubDomains; preload'\r","metadata":{"emulator":{"name":"functions"},"function":{"name":"us-central1-api"},"message":"\u001b[90m> \u001b[39m       'strict-transport-security': 'max-age=31556926; includeSubDomains; preload'\r"}}
[info] >      }, {"user":"    },\r","metadata":{"emulator":{"name":"functions"},"function":{"name":"us-central1-api"},"message":"\u001b[90m> \u001b[39m     },\r"}}
[info] >      statusCode: 400, {"user":"    statusCode: 400,\r","metadata":{"emulator":{"name":"functions"},"function":{"name":"us-central1-api"},"message":"\u001b[90m> \u001b[39m     statusCode: 400,\r"}}
[info] >      requestId: 'req_yV640IcqCIRHdw' {"user":"    requestId: 'req_yV640IcqCIRHdw'\r","metadata":{"emulator":{"name":"functions"},"function":{"name":"us-central1-api"},"message":"\u001b[90m> \u001b[39m     requestId: 'req_yV640IcqCIRHdw'\r"}}
[info] >    }, {"user":"  },\r","metadata":{"emulator":{"name":"functions"},"function":{"name":"us-central1-api"},"message":"\u001b[90m> \u001b[39m   },\r"}}
[info] >    rawType: 'invalid_request_error', {"user":"  rawType: 'invalid_request_error',\r","metadata":{"emulator":{"name":"functions"},"function":{"name":"us-central1-api"},"message":"\u001b[90m> \u001b[39m   rawType: 'invalid_request_error',\r"}}
[info] >    code: 'parameter_invalid_integer', {"user":"  code: 'parameter_invalid_integer',\r","metadata":{"emulator":{"name":"functions"},"function":{"name":"us-central1-api"},"message":"\u001b[90m> \u001b[39m   code: 'parameter_invalid_integer',\r"}}
[info] >    doc_url: 'https://stripe.com/docs/error-codes/parameter-invalid-integer', {"user":"  doc_url: 'https://stripe.com/docs/error-codes/parameter-invalid-integer',\r","metadata":{"emulator":{"name":"functions"},"function":{"name":"us-central1-api"},"message":"\u001b[90m> \u001b[39m   doc_url: 'https://stripe.com/docs/error-codes/parameter-invalid-integer',\r"}}
[info] >    param: 'amount', {"user":"  param: 'amount',\r","metadata":{"emulator":{"name":"functions"},"function":{"name":"us-central1-api"},"message":"\u001b[90m> \u001b[39m   param: 'amount',\r"}}
[info] >    detail: undefined, {"user":"  detail: undefined,\r","metadata":{"emulator":{"name":"functions"},"function":{"name":"us-central1-api"},"message":"\u001b[90m> \u001b[39m   detail: undefined,\r"}}
[info] >    headers: { {"user":"  headers: {\r","metadata":{"emulator":{"name":"functions"},"function":{"name":"us-central1-api"},"message":"\u001b[90m> \u001b[39m   headers: {\r"}}
[info] >      server: 'nginx', {"user":"    server: 'nginx',\r","metadata":{"emulator":{"name":"functions"},"function":{"name":"us-central1-api"},"message":"\u001b[90m> \u001b[39m     server: 'nginx',\r"}}
[info] >      date: 'Wed, 29 Jun 2022 06:03:33 GMT', {"user":"    date: 'Wed, 29 Jun 2022 06:03:33 GMT',\r","metadata":{"emulator":{"name":"functions"},"function":{"name":"us-central1-api"},"message":"\u001b[90m> \u001b[39m     date: 'Wed, 29 Jun 2022 06:03:33 GMT',\r"}}
[info] >      'content-type': 'application/json', {"user":"    'content-type': 'application/json',\r","metadata":{"emulator":{"name":"functions"},"function":{"name":"us-central1-api"},"message":"\u001b[90m> \u001b[39m     'content-type': 'application/json',\r"}}
[info] >      'content-length': '266', {"user":"    'content-length': '266',\r","metadata":{"emulator":{"name":"functions"},"function":{"name":"us-central1-api"},"message":"\u001b[90m> \u001b[39m     'content-length': '266',\r"}}
[info] >      connection: 'keep-alive', {"user":"    connection: 'keep-alive',\r","metadata":{"emulator":{"name":"functions"},"function":{"name":"us-central1-api"},"message":"\u001b[90m> \u001b[39m     connection: 'keep-alive',\r"}}
[info] >      'access-control-allow-credentials': 'true', {"user":"    'access-control-allow-credentials': 'true',\r","metadata":{"emulator":{"name":"functions"},"function":{"name":"us-central1-api"},"message":"\u001b[90m> \u001b[39m     'access-control-allow-credentials': 'true',\r"}}
[info] >      'access-control-allow-methods': 'GET, POST, HEAD, OPTIONS, DELETE', {"user":"    'access-control-allow-methods': 'GET, POST, HEAD, OPTIONS, DELETE',\r","metadata":{"emulator":{"name":"functions"},"function":{"name":"us-central1-api"},"message":"\u001b[90m> \u001b[39m     'access-control-allow-methods': 'GET, POST, HEAD, OPTIONS, DELETE',\r"}}
[info] >      'access-control-allow-origin': '*', {"user":"    'access-control-allow-origin': '*',\r","metadata":{"emulator":{"name":"functions"},"function":{"name":"us-central1-api"},"message":"\u001b[90m> \u001b[39m     'access-control-allow-origin': '*',\r"}}
[info] >      'access-control-expose-headers': 'Request-Id, Stripe-Manage-Version, X-Stripe-External-Auth-Required, X-Stripe-Privileged-Session-Required', {"user":"    'access-control-expose-headers': 'Request-Id, Stripe-Manage-Version, X-Stripe-External-Auth-Required, X-Stripe-Privileged-Session-Required',\r","metadata":{"emulator":{"name":"functions"},"function":{"name":"us-central1-api"},"message":"\u001b[90m> \u001b[39m     'access-control-expose-headers': 'Request-Id, Stripe-Manage-Version, X-Stripe-External-Auth-Required, X-Stripe-Privileged-Session-Required',\r"}}
[info] >      'access-control-max-age': '300', {"user":"    'access-control-max-age': '300',\r","metadata":{"emulator":{"name":"functions"},"function":{"name":"us-central1-api"},"message":"\u001b[90m> \u001b[39m     'access-control-max-age': '300',\r"}}
[info] >      'cache-control': 'no-cache, no-store', {"user":"    'cache-control': 'no-cache, no-store',\r","metadata":{"emulator":{"name":"functions"},"function":{"name":"us-central1-api"},"message":"\u001b[90m> \u001b[39m     'cache-control': 'no-cache, no-store',\r"}}
[info] >      'idempotency-key': '275553ad-7c3e-413b-b584-107a10b2e1ea', {"user":"    'idempotency-key': '275553ad-7c3e-413b-b584-107a10b2e1ea',\r","metadata":{"emulator":{"name":"functions"},"function":{"name":"us-central1-api"},"message":"\u001b[90m> \u001b[39m     'idempotency-key': '275553ad-7c3e-413b-b584-107a10b2e1ea',\r"}}
[info] >      'original-request': 'req_yV640IcqCIRHdw', {"user":"    'original-request': 'req_yV640IcqCIRHdw',\r","metadata":{"emulator":{"name":"functions"},"function":{"name":"us-central1-api"},"message":"\u001b[90m> \u001b[39m     'original-request': 'req_yV640IcqCIRHdw',\r"}}
[info] >      'request-id': 'req_yV640IcqCIRHdw', {"user":"    'request-id': 'req_yV640IcqCIRHdw',\r","metadata":{"emulator":{"name":"functions"},"function":{"name":"us-central1-api"},"message":"\u001b[90m> \u001b[39m     'request-id': 'req_yV640IcqCIRHdw',\r"}}
[info] >      'stripe-version': '2020-08-27', {"user":"    'stripe-version': '2020-08-27',\r","metadata":{"emulator":{"name":"functions"},"function":{"name":"us-central1-api"},"message":"\u001b[90m> \u001b[39m     'stripe-version': '2020-08-27',\r"}}
[info] >      'strict-transport-security': 'max-age=31556926; includeSubDomains; preload' {"user":"    'strict-transport-security': 'max-age=31556926; includeSubDomains; preload'\r","metadata":{"emulator":{"name":"functions"},"function":{"name":"us-central1-api"},"message":"\u001b[90m> \u001b[39m     'strict-transport-security': 'max-age=31556926; includeSubDomains; preload'\r"}}
[info] >    }, {"user":"  },\r","metadata":{"emulator":{"name":"functions"},"function":{"name":"us-central1-api"},"message":"\u001b[90m> \u001b[39m   },\r"}}
[info] >    requestId: 'req_yV640IcqCIRHdw', {"user":"  requestId: 'req_yV640IcqCIRHdw',\r","metadata":{"emulator":{"name":"functions"},"function":{"name":"us-central1-api"},"message":"\u001b[90m> \u001b[39m   requestId: 'req_yV640IcqCIRHdw',\r"}}
[info] >    statusCode: 400, {"user":"  statusCode: 400,\r","metadata":{"emulator":{"name":"functions"},"function":{"name":"us-central1-api"},"message":"\u001b[90m> \u001b[39m   statusCode: 400,\r"}}
[info] >    charge: undefined, {"user":"  charge: undefined,\r","metadata":{"emulator":{"name":"functions"},"function":{"name":"us-central1-api"},"message":"\u001b[90m> \u001b[39m   charge: undefined,\r"}}
[info] >    decline_code: undefined, {"user":"  decline_code: undefined,\r","metadata":{"emulator":{"name":"functions"},"function":{"name":"us-central1-api"},"message":"\u001b[90m> \u001b[39m   decline_code: undefined,\r"}}
[info] >    payment_intent: undefined, {"user":"  payment_intent: undefined,\r","metadata":{"emulator":{"name":"functions"},"function":{"name":"us-central1-api"},"message":"\u001b[90m> \u001b[39m   payment_intent: undefined,\r"}}
[info] >    payment_method: undefined, {"user":"  payment_method: undefined,\r","metadata":{"emulator":{"name":"functions"},"function":{"name":"us-central1-api"},"message":"\u001b[90m> \u001b[39m   payment_method: undefined,\r"}}
[info] >    payment_method_type: undefined, {"user":"  payment_method_type: undefined,\r","metadata":{"emulator":{"name":"functions"},"function":{"name":"us-central1-api"},"message":"\u001b[90m> \u001b[39m   payment_method_type: undefined,\r"}}
[info] >    setup_intent: undefined, {"user":"  setup_intent: undefined,\r","metadata":{"emulator":{"name":"functions"},"function":{"name":"us-central1-api"},"message":"\u001b[90m> \u001b[39m   setup_intent: undefined,\r"}}
[info] >    source: undefined {"user":"  source: undefined\r","metadata":{"emulator":{"name":"functions"},"function":{"name":"us-central1-api"},"message":"\u001b[90m> \u001b[39m   source: undefined\r"}}
[info] >  } {"user":"}\r","metadata":{"emulator":{"name":"functions"},"function":{"name":"us-central1-api"},"message":"\u001b[90m> \u001b[39m }\r"}}
[debug] [2022-06-29T06:03:33.466Z] [worker-us-central1-api-38ace249-54e6-40be-bcc4-a936cd9a420b]: exited {"metadata":{"emulator":{"name":"functions"},"message":"[worker-us-central1-api-38ace249-54e6-40be-bcc4-a936cd9a420b]: exited"}}
[debug] [2022-06-29T06:03:33.467Z] [worker-us-central1-api-38ace249-54e6-40be-bcc4-a936cd9a420b]: FINISHED {"metadata":{"emulator":{"name":"functions"},"message":"[worker-us-central1-api-38ace249-54e6-40be-bcc4-a936cd9a420b]: FINISHED"}}
[debug] [2022-06-29T06:03:33.467Z] [work-queue] {"queueLength":0,"workRunningCount":0}
[debug] [2022-06-29T06:03:45.613Z] [work-queue] {"queueLength":1,"workRunningCount":0}
[debug] [2022-06-29T06:03:45.615Z] [work-queue] {"queueLength":0,"workRunningCount":1}
[debug] [2022-06-29T06:03:45.615Z] Accepted request OPTIONS /ecommercea-c3dcb/us-central1/api/payments/create?total=69798 --> us-central1-api
[debug] [2022-06-29T06:03:45.617Z] [worker-pool] Cleaned up workers for us-central1-api: 2 --> 1 {"metadata":{"emulator":{"name":"functions"},"message":"[worker-pool] Cleaned up workers for us-central1-api: 2 --> 1"}}
[debug] [2022-06-29T06:03:45.618Z] [worker-pool] submitWork(triggerId=us-central1-api) {"metadata":{"emulator":{"name":"functions"},"message":"[worker-pool] submitWork(triggerId=us-central1-api)"}}
[debug] [2022-06-29T06:03:45.618Z] [worker-us-central1-api-6737ca00-2e94-4f14-8605-e9201f2040d8]: Assigning socketPath: \\?\pipe\C:\Users\acer\Desktop\MernPros\ecommerce\functions\10364 {"metadata":{"emulator":{"name":"functions"},"message":"[worker-us-central1-api-6737ca00-2e94-4f14-8605-e9201f2040d8]: Assigning socketPath: \\\\?\\pipe\\C:\\Users\\acer\\Desktop\\MernPros\\ecommerce\\functions\\10364"}}
[debug] [2022-06-29T06:03:45.619Z] [worker-us-central1-api-6737ca00-2e94-4f14-8605-e9201f2040d8]: BUSY {"metadata":{"emulator":{"name":"functions"},"message":"[worker-us-central1-api-6737ca00-2e94-4f14-8605-e9201f2040d8]: BUSY"}}
[debug] [2022-06-29T06:03:45.620Z] [runtime-status] [10364] Trigger "us-central1-api" has been found, beginning invocation! {"metadata":{"emulator":{"name":"functions"},"function":{"name":"us-central1-api"},"message":"[runtime-status] [10364] Trigger \"us-central1-api\" has been found, beginning invocation!"}}
[info] i  functions: Beginning execution of "us-central1-api" {"metadata":{"emulator":{"name":"functions"},"function":{"name":"us-central1-api"},"message":"Beginning execution of \"us-central1-api\""}}
[debug] [2022-06-29T06:03:45.624Z] [runtime-status] [10364] triggerDefinition {"httpsTrigger":{},"name":"api","entryPoint":"api","regions":["us-central1"],"region":"us-central1","id":"us-central1-api","platform":"gcfv1"} {"metadata":{"emulator":{"name":"functions"},"function":{"name":"us-central1-api"},"message":"[runtime-status] [10364] triggerDefinition {\"httpsTrigger\":{},\"name\":\"api\",\"entryPoint\":\"api\",\"regions\":[\"us-central1\"],\"region\":\"us-central1\",\"id\":\"us-central1-api\",\"platform\":\"gcfv1\"}"}}
[debug] [2022-06-29T06:03:45.624Z] [runtime-status] [10364] Running us-central1-api in signature http {"metadata":{"emulator":{"name":"functions"},"function":{"name":"us-central1-api"},"message":"[runtime-status] [10364] Running us-central1-api in signature http"}}
[debug] [2022-06-29T06:03:45.625Z] [runtime-status] [10364] Attempting to listen to socketPath: \\?\pipe\C:\Users\acer\Desktop\MernPros\ecommerce\functions\10364 {"metadata":{"emulator":{"name":"functions"},"function":{"name":"us-central1-api"},"message":"[runtime-status] [10364] Attempting to listen to socketPath: \\\\?\\pipe\\C:\\Users\\acer\\Desktop\\MernPros\\ecommerce\\functions\\10364"}}
[debug] [2022-06-29T06:03:45.629Z] [functions] Runtime ready! Sending request! {"metadata":{"emulator":{"name":"functions"},"message":"[functions] Runtime ready! Sending request!"}}
[debug] [2022-06-29T06:03:45.630Z] [functions] Got req.url=/ecommercea-c3dcb/us-central1/api/payments/create?total=69798, mapping to path=/payments/create?total=69798 {"metadata":{"emulator":{"name":"functions"},"message":"[functions] Got req.url=/ecommercea-c3dcb/us-central1/api/payments/create?total=69798, mapping to path=/payments/create?total=69798"}}
[debug] [2022-06-29T06:03:45.639Z] [runtime-status] [10364] Ephemeral server handling OPTIONS request {"metadata":{"emulator":{"name":"functions"},"function":{"name":"us-central1-api"},"message":"[runtime-status] [10364] Ephemeral server handling OPTIONS request"}}
[debug] [2022-06-29T06:03:45.642Z] [runtime-status] [10364] Ephemeral server survived. {"metadata":{"emulator":{"name":"functions"},"function":{"name":"us-central1-api"},"message":"[runtime-status] [10364] Ephemeral server survived."}}
[info] i  functions: Finished "us-central1-api" in ~1s {"metadata":{"emulator":{"name":"functions"},"function":{"name":"us-central1-api"},"message":"Finished \"us-central1-api\" in ~1s"}}
[debug] [2022-06-29T06:03:45.651Z] [work-queue] {"queueLength":1,"workRunningCount":1}
[debug] [2022-06-29T06:03:45.652Z] [work-queue] {"queueLength":0,"workRunningCount":2}
[debug] [2022-06-29T06:03:45.653Z] Accepted request POST /ecommercea-c3dcb/us-central1/api/payments/create?total=69798 --> us-central1-api
[debug] [2022-06-29T06:03:45.672Z] [worker-pool] addWorker(us-central1-api) {"metadata":{"emulator":{"name":"functions"},"message":"[worker-pool] addWorker(us-central1-api)"}}
[debug] [2022-06-29T06:03:45.672Z] [worker-pool] Adding worker with key us-central1-api, total=2 {"metadata":{"emulator":{"name":"functions"},"message":"[worker-pool] Adding worker with key us-central1-api, total=2"}}
[debug] [2022-06-29T06:03:45.673Z] [worker-pool] submitWork(triggerId=us-central1-api) {"metadata":{"emulator":{"name":"functions"},"message":"[worker-pool] submitWork(triggerId=us-central1-api)"}}
[debug] [2022-06-29T06:03:45.673Z] [worker-us-central1-api-7cd0182b-fa0d-4300-9248-8622c45cb6cc]: Assigning socketPath: \\?\pipe\C:\Users\acer\Desktop\MernPros\ecommerce\functions\15352 {"metadata":{"emulator":{"name":"functions"},"message":"[worker-us-central1-api-7cd0182b-fa0d-4300-9248-8622c45cb6cc]: Assigning socketPath: \\\\?\\pipe\\C:\\Users\\acer\\Desktop\\MernPros\\ecommerce\\functions\\15352"}}
[debug] [2022-06-29T06:03:45.673Z] [worker-us-central1-api-7cd0182b-fa0d-4300-9248-8622c45cb6cc]: BUSY {"metadata":{"emulator":{"name":"functions"},"message":"[worker-us-central1-api-7cd0182b-fa0d-4300-9248-8622c45cb6cc]: BUSY"}}
[debug] [2022-06-29T06:03:45.675Z] [worker-us-central1-api-6737ca00-2e94-4f14-8605-e9201f2040d8]: IDLE {"metadata":{"emulator":{"name":"functions"},"message":"[worker-us-central1-api-6737ca00-2e94-4f14-8605-e9201f2040d8]: IDLE"}}
[debug] [2022-06-29T06:03:45.675Z] [work-queue] {"queueLength":0,"workRunningCount":1}
[debug] [2022-06-29T06:03:46.073Z] [runtime-status] [15352] Functions runtime initialized. {"cwd":"C:\\Users\\acer\\Desktop\\MernPros\\ecommerce\\functions","node_version":"16.13.0"} {"metadata":{"emulator":{"name":"functions"},"function":{"name":"us-central1-api"},"message":"[runtime-status] [15352] Functions runtime initialized. {\"cwd\":\"C:\\\\Users\\\\acer\\\\Desktop\\\\MernPros\\\\ecommerce\\\\functions\",\"node_version\":\"16.13.0\"}"}}
[debug] [2022-06-29T06:03:46.075Z] [runtime-status] [15352] Disabled runtime features: undefined {"metadata":{"emulator":{"name":"functions"},"function":{"name":"us-central1-api"},"message":"[runtime-status] [15352] Disabled runtime features: undefined"}}
[debug] [2022-06-29T06:03:46.080Z] [runtime-status] [15352] Resolved module firebase-admin {"declared":true,"installed":true,"version":"9.12.0","resolution":"C:\\Users\\acer\\Desktop\\MernPros\\ecommerce\\functions\\node_modules\\firebase-admin\\lib\\index.js"} {"metadata":{"emulator":{"name":"functions"},"function":{"name":"us-central1-api"},"message":"[runtime-status] [15352] Resolved module firebase-admin {\"declared\":true,\"installed\":true,\"version\":\"9.12.0\",\"resolution\":\"C:\\\\Users\\\\acer\\\\Desktop\\\\MernPros\\\\ecommerce\\\\functions\\\\node_modules\\\\firebase-admin\\\\lib\\\\index.js\"}"}}
[debug] [2022-06-29T06:03:46.085Z] [runtime-status] [15352] Resolved module firebase-functions {"declared":true,"installed":true,"version":"3.16.0","resolution":"C:\\Users\\acer\\Desktop\\MernPros\\ecommerce\\functions\\node_modules\\firebase-functions\\lib\\index.js"} {"metadata":{"emulator":{"name":"functions"},"function":{"name":"us-central1-api"},"message":"[runtime-status] [15352] Resolved module firebase-functions {\"declared\":true,\"installed\":true,\"version\":\"3.16.0\",\"resolution\":\"C:\\\\Users\\\\acer\\\\Desktop\\\\MernPros\\\\ecommerce\\\\functions\\\\node_modules\\\\firebase-functions\\\\lib\\\\index.js\"}"}}
[debug] [2022-06-29T06:03:46.087Z] [runtime-status] [15352] Outgoing network have been stubbed. [{"name":"http","status":"mocked"},{"name":"http","status":"mocked"},{"name":"https","status":"mocked"},{"name":"https","status":"mocked"},{"name":"net","status":"mocked"}] {"metadata":{"emulator":{"name":"functions"},"function":{"name":"us-central1-api"},"message":"[runtime-status] [15352] Outgoing network have been stubbed. [{\"name\":\"http\",\"status\":\"mocked\"},{\"name\":\"http\",\"status\":\"mocked\"},{\"name\":\"https\",\"status\":\"mocked\"},{\"name\":\"https\",\"status\":\"mocked\"},{\"name\":\"net\",\"status\":\"mocked\"}]"}}
[debug] [2022-06-29T06:03:46.089Z] [runtime-status] [15352] Resolved module firebase-functions {"declared":true,"installed":true,"version":"3.16.0","resolution":"C:\\Users\\acer\\Desktop\\MernPros\\ecommerce\\functions\\node_modules\\firebase-functions\\lib\\index.js"} {"metadata":{"emulator":{"name":"functions"},"function":{"name":"us-central1-api"},"message":"[runtime-status] [15352] Resolved module firebase-functions {\"declared\":true,\"installed\":true,\"version\":\"3.16.0\",\"resolution\":\"C:\\\\Users\\\\acer\\\\Desktop\\\\MernPros\\\\ecommerce\\\\functions\\\\node_modules\\\\firebase-functions\\\\lib\\\\index.js\"}"}}
[debug] [2022-06-29T06:03:46.156Z] [runtime-status] [15352] Checked functions.config() {"config":{}} {"metadata":{"emulator":{"name":"functions"},"function":{"name":"us-central1-api"},"message":"[runtime-status] [15352] Checked functions.config() {\"config\":{}}"}}
[debug] [2022-06-29T06:03:46.157Z] [runtime-status] [15352] firebase-functions has been stubbed. {"functionsResolution":{"declared":true,"installed":true,"version":"3.16.0","resolution":"C:\\Users\\acer\\Desktop\\MernPros\\ecommerce\\functions\\node_modules\\firebase-functions\\lib\\index.js"}} {"metadata":{"emulator":{"name":"functions"},"function":{"name":"us-central1-api"},"message":"[runtime-status] [15352] firebase-functions has been stubbed. {\"functionsResolution\":{\"declared\":true,\"installed\":true,\"version\":\"3.16.0\",\"resolution\":\"C:\\\\Users\\\\acer\\\\Desktop\\\\MernPros\\\\ecommerce\\\\functions\\\\node_modules\\\\firebase-functions\\\\lib\\\\index.js\"}}"}}
[debug] [2022-06-29T06:03:46.158Z] [runtime-status] [15352] Resolved module firebase-functions {"declared":true,"installed":true,"version":"3.16.0","resolution":"C:\\Users\\acer\\Desktop\\MernPros\\ecommerce\\functions\\node_modules\\firebase-functions\\lib\\index.js"} {"metadata":{"emulator":{"name":"functions"},"function":{"name":"us-central1-api"},"message":"[runtime-status] [15352] Resolved module firebase-functions {\"declared\":true,\"installed\":true,\"version\":\"3.16.0\",\"resolution\":\"C:\\\\Users\\\\acer\\\\Desktop\\\\MernPros\\\\ecommerce\\\\functions\\\\node_modules\\\\firebase-functions\\\\lib\\\\index.js\"}"}}
[debug] [2022-06-29T06:03:46.160Z] [runtime-status] [15352] Resolved module firebase-admin {"declared":true,"installed":true,"version":"9.12.0","resolution":"C:\\Users\\acer\\Desktop\\MernPros\\ecommerce\\functions\\node_modules\\firebase-admin\\lib\\index.js"} {"metadata":{"emulator":{"name":"functions"},"function":{"name":"us-central1-api"},"message":"[runtime-status] [15352] Resolved module firebase-admin {\"declared\":true,\"installed\":true,\"version\":\"9.12.0\",\"resolution\":\"C:\\\\Users\\\\acer\\\\Desktop\\\\MernPros\\\\ecommerce\\\\functions\\\\node_modules\\\\firebase-admin\\\\lib\\\\index.js\"}"}}
[debug] [2022-06-29T06:03:46.163Z] [runtime-status] [15352] Resolved module firebase-functions {"declared":true,"installed":true,"version":"3.16.0","resolution":"C:\\Users\\acer\\Desktop\\MernPros\\ecommerce\\functions\\node_modules\\firebase-functions\\lib\\index.js"} {"metadata":{"emulator":{"name":"functions"},"function":{"name":"us-central1-api"},"message":"[runtime-status] [15352] Resolved module firebase-functions {\"declared\":true,\"installed\":true,\"version\":\"3.16.0\",\"resolution\":\"C:\\\\Users\\\\acer\\\\Desktop\\\\MernPros\\\\ecommerce\\\\functions\\\\node_modules\\\\firebase-functions\\\\lib\\\\index.js\"}"}}
[debug] [2022-06-29T06:03:46.164Z] [runtime-status] [15352] firebase-admin has been stubbed. {"adminResolution":{"declared":true,"installed":true,"version":"9.12.0","resolution":"C:\\Users\\acer\\Desktop\\MernPros\\ecommerce\\functions\\node_modules\\firebase-admin\\lib\\index.js"}} {"metadata":{"emulator":{"name":"functions"},"function":{"name":"us-central1-api"},"message":"[runtime-status] [15352] firebase-admin has been stubbed. {\"adminResolution\":{\"declared\":true,\"installed\":true,\"version\":\"9.12.0\",\"resolution\":\"C:\\\\Users\\\\acer\\\\Desktop\\\\MernPros\\\\ecommerce\\\\functions\\\\node_modules\\\\firebase-admin\\\\lib\\\\index.js\"}}"}}
[debug] [2022-06-29T06:03:46.498Z] [runtime-status] [15352] Trigger "us-central1-api" has been found, beginning invocation! {"metadata":{"emulator":{"name":"functions"},"function":{"name":"us-central1-api"},"message":"[runtime-status] [15352] Trigger \"us-central1-api\" has been found, beginning invocation!"}}
[info] i  functions: Beginning execution of "us-central1-api" {"metadata":{"emulator":{"name":"functions"},"function":{"name":"us-central1-api"},"message":"Beginning execution of \"us-central1-api\""}}
[debug] [2022-06-29T06:03:46.500Z] [runtime-status] [15352] triggerDefinition {"httpsTrigger":{},"name":"api","entryPoint":"api","regions":["us-central1"],"region":"us-central1","id":"us-central1-api","platform":"gcfv1"} {"metadata":{"emulator":{"name":"functions"},"function":{"name":"us-central1-api"},"message":"[runtime-status] [15352] triggerDefinition {\"httpsTrigger\":{},\"name\":\"api\",\"entryPoint\":\"api\",\"regions\":[\"us-central1\"],\"region\":\"us-central1\",\"id\":\"us-central1-api\",\"platform\":\"gcfv1\"}"}}
[debug] [2022-06-29T06:03:46.500Z] [runtime-status] [15352] Running us-central1-api in signature http {"metadata":{"emulator":{"name":"functions"},"function":{"name":"us-central1-api"},"message":"[runtime-status] [15352] Running us-central1-api in signature http"}}
[debug] [2022-06-29T06:03:46.504Z] [runtime-status] [15352] Attempting to listen to socketPath: \\?\pipe\C:\Users\acer\Desktop\MernPros\ecommerce\functions\15352 {"metadata":{"emulator":{"name":"functions"},"function":{"name":"us-central1-api"},"message":"[runtime-status] [15352] Attempting to listen to socketPath: \\\\?\\pipe\\C:\\Users\\acer\\Desktop\\MernPros\\ecommerce\\functions\\15352"}}
[debug] [2022-06-29T06:03:46.507Z] [functions] Runtime ready! Sending request! {"metadata":{"emulator":{"name":"functions"},"message":"[functions] Runtime ready! Sending request!"}}
[debug] [2022-06-29T06:03:46.508Z] [functions] Got req.url=/ecommercea-c3dcb/us-central1/api/payments/create?total=69798, mapping to path=/payments/create?total=69798 {"metadata":{"emulator":{"name":"functions"},"message":"[functions] Got req.url=/ecommercea-c3dcb/us-central1/api/payments/create?total=69798, mapping to path=/payments/create?total=69798"}}
[debug] [2022-06-29T06:03:46.554Z] [runtime-status] [15352] Ephemeral server handling POST request {"metadata":{"emulator":{"name":"functions"},"function":{"name":"us-central1-api"},"message":"[runtime-status] [15352] Ephemeral server handling POST request"}}
[info] >  abcd { name: 'Aj store items', price: 697.98 } {"user":"abcd { name: 'Aj store items', price: 697.98 }","metadata":{"emulator":{"name":"functions"},"function":{"name":"us-central1-api"},"message":"\u001b[90m> \u001b[39m abcd { name: 'Aj store items', price: 697.98 }"}}
[info] >  items are: { name: 'Aj store items', price: 697.98 } {"user":"items are: { name: 'Aj store items', price: 697.98 }","metadata":{"emulator":{"name":"functions"},"function":{"name":"us-central1-api"},"message":"\u001b[90m> \u001b[39m items are: { name: 'Aj store items', price: 697.98 }"}}
[debug] [2022-06-29T06:03:46.575Z] [runtime-status] [15352] Ephemeral server survived. {"metadata":{"emulator":{"name":"functions"},"function":{"name":"us-central1-api"},"message":"[runtime-status] [15352] Ephemeral server survived."}}
[info] i  functions: Finished "us-central1-api" in ~1s {"metadata":{"emulator":{"name":"functions"},"function":{"name":"us-central1-api"},"message":"Finished \"us-central1-api\" in ~1s"}}
[debug] [2022-06-29T06:03:47.380Z] [worker-us-central1-api-7cd0182b-fa0d-4300-9248-8622c45cb6cc]: IDLE {"metadata":{"emulator":{"name":"functions"},"message":"[worker-us-central1-api-7cd0182b-fa0d-4300-9248-8622c45cb6cc]: IDLE"}}
[debug] [2022-06-29T06:03:47.382Z] [work-queue] {"queueLength":0,"workRunningCount":0}
[debug] [2022-06-29T06:04:06.788Z] [work-queue] {"queueLength":1,"workRunningCount":0}
[debug] [2022-06-29T06:04:06.789Z] [work-queue] {"queueLength":0,"workRunningCount":1}
[debug] [2022-06-29T06:04:06.789Z] Accepted request OPTIONS /ecommercea-c3dcb/us-central1/api/payments/create?total=0 --> us-central1-api
[debug] [2022-06-29T06:04:06.790Z] [worker-pool] submitWork(triggerId=us-central1-api) {"metadata":{"emulator":{"name":"functions"},"message":"[worker-pool] submitWork(triggerId=us-central1-api)"}}
[debug] [2022-06-29T06:04:06.791Z] [worker-us-central1-api-6737ca00-2e94-4f14-8605-e9201f2040d8]: Assigning socketPath: \\?\pipe\C:\Users\acer\Desktop\MernPros\ecommerce\functions\10364 {"metadata":{"emulator":{"name":"functions"},"message":"[worker-us-central1-api-6737ca00-2e94-4f14-8605-e9201f2040d8]: Assigning socketPath: \\\\?\\pipe\\C:\\Users\\acer\\Desktop\\MernPros\\ecommerce\\functions\\10364"}}
[debug] [2022-06-29T06:04:06.791Z] [worker-us-central1-api-6737ca00-2e94-4f14-8605-e9201f2040d8]: BUSY {"metadata":{"emulator":{"name":"functions"},"message":"[worker-us-central1-api-6737ca00-2e94-4f14-8605-e9201f2040d8]: BUSY"}}
[debug] [2022-06-29T06:04:06.792Z] [runtime-status] [10364] Trigger "us-central1-api" has been found, beginning invocation! {"metadata":{"emulator":{"name":"functions"},"function":{"name":"us-central1-api"},"message":"[runtime-status] [10364] Trigger \"us-central1-api\" has been found, beginning invocation!"}}
[info] i  functions: Beginning execution of "us-central1-api" {"metadata":{"emulator":{"name":"functions"},"function":{"name":"us-central1-api"},"message":"Beginning execution of \"us-central1-api\""}}
[debug] [2022-06-29T06:04:06.795Z] [runtime-status] [10364] triggerDefinition {"httpsTrigger":{},"name":"api","entryPoint":"api","regions":["us-central1"],"region":"us-central1","id":"us-central1-api","platform":"gcfv1"} {"metadata":{"emulator":{"name":"functions"},"function":{"name":"us-central1-api"},"message":"[runtime-status] [10364] triggerDefinition {\"httpsTrigger\":{},\"name\":\"api\",\"entryPoint\":\"api\",\"regions\":[\"us-central1\"],\"region\":\"us-central1\",\"id\":\"us-central1-api\",\"platform\":\"gcfv1\"}"}}
[debug] [2022-06-29T06:04:06.796Z] [runtime-status] [10364] Running us-central1-api in signature http {"metadata":{"emulator":{"name":"functions"},"function":{"name":"us-central1-api"},"message":"[runtime-status] [10364] Running us-central1-api in signature http"}}
[debug] [2022-06-29T06:04:06.796Z] [runtime-status] [10364] Attempting to listen to socketPath: \\?\pipe\C:\Users\acer\Desktop\MernPros\ecommerce\functions\10364 {"metadata":{"emulator":{"name":"functions"},"function":{"name":"us-central1-api"},"message":"[runtime-status] [10364] Attempting to listen to socketPath: \\\\?\\pipe\\C:\\Users\\acer\\Desktop\\MernPros\\ecommerce\\functions\\10364"}}
[debug] [2022-06-29T06:04:06.799Z] [functions] Runtime ready! Sending request! {"metadata":{"emulator":{"name":"functions"},"message":"[functions] Runtime ready! Sending request!"}}
[debug] [2022-06-29T06:04:06.800Z] [functions] Got req.url=/ecommercea-c3dcb/us-central1/api/payments/create?total=0, mapping to path=/payments/create?total=0 {"metadata":{"emulator":{"name":"functions"},"message":"[functions] Got req.url=/ecommercea-c3dcb/us-central1/api/payments/create?total=0, mapping to path=/payments/create?total=0"}}
[debug] [2022-06-29T06:04:06.807Z] [runtime-status] [10364] Ephemeral server handling OPTIONS request {"metadata":{"emulator":{"name":"functions"},"function":{"name":"us-central1-api"},"message":"[runtime-status] [10364] Ephemeral server handling OPTIONS request"}}
[debug] [2022-06-29T06:04:06.810Z] [runtime-status] [10364] Ephemeral server survived. {"metadata":{"emulator":{"name":"functions"},"function":{"name":"us-central1-api"},"message":"[runtime-status] [10364] Ephemeral server survived."}}
[info] i  functions: Finished "us-central1-api" in ~1s {"metadata":{"emulator":{"name":"functions"},"function":{"name":"us-central1-api"},"message":"Finished \"us-central1-api\" in ~1s"}}
[debug] [2022-06-29T06:04:06.812Z] [worker-us-central1-api-6737ca00-2e94-4f14-8605-e9201f2040d8]: IDLE {"metadata":{"emulator":{"name":"functions"},"message":"[worker-us-central1-api-6737ca00-2e94-4f14-8605-e9201f2040d8]: IDLE"}}
[debug] [2022-06-29T06:04:06.813Z] [work-queue] {"queueLength":0,"workRunningCount":0}
[debug] [2022-06-29T06:04:06.814Z] [work-queue] {"queueLength":1,"workRunningCount":0}
[debug] [2022-06-29T06:04:06.815Z] [work-queue] {"queueLength":0,"workRunningCount":1}
[debug] [2022-06-29T06:04:06.815Z] Accepted request POST /ecommercea-c3dcb/us-central1/api/payments/create?total=0 --> us-central1-api
[debug] [2022-06-29T06:04:06.816Z] [worker-pool] submitWork(triggerId=us-central1-api) {"metadata":{"emulator":{"name":"functions"},"message":"[worker-pool] submitWork(triggerId=us-central1-api)"}}
[debug] [2022-06-29T06:04:06.816Z] [worker-us-central1-api-6737ca00-2e94-4f14-8605-e9201f2040d8]: Assigning socketPath: \\?\pipe\C:\Users\acer\Desktop\MernPros\ecommerce\functions\10364 {"metadata":{"emulator":{"name":"functions"},"message":"[worker-us-central1-api-6737ca00-2e94-4f14-8605-e9201f2040d8]: Assigning socketPath: \\\\?\\pipe\\C:\\Users\\acer\\Desktop\\MernPros\\ecommerce\\functions\\10364"}}
[debug] [2022-06-29T06:04:06.816Z] [worker-us-central1-api-6737ca00-2e94-4f14-8605-e9201f2040d8]: BUSY {"metadata":{"emulator":{"name":"functions"},"message":"[worker-us-central1-api-6737ca00-2e94-4f14-8605-e9201f2040d8]: BUSY"}}
[debug] [2022-06-29T06:04:06.832Z] [runtime-status] [10364] Trigger "us-central1-api" has been found, beginning invocation! {"metadata":{"emulator":{"name":"functions"},"function":{"name":"us-central1-api"},"message":"[runtime-status] [10364] Trigger \"us-central1-api\" has been found, beginning invocation!"}}
[info] i  functions: Beginning execution of "us-central1-api" {"metadata":{"emulator":{"name":"functions"},"function":{"name":"us-central1-api"},"message":"Beginning execution of \"us-central1-api\""}}
[debug] [2022-06-29T06:04:06.834Z] [runtime-status] [10364] triggerDefinition {"httpsTrigger":{},"name":"api","entryPoint":"api","regions":["us-central1"],"region":"us-central1","id":"us-central1-api","platform":"gcfv1"} {"metadata":{"emulator":{"name":"functions"},"function":{"name":"us-central1-api"},"message":"[runtime-status] [10364] triggerDefinition {\"httpsTrigger\":{},\"name\":\"api\",\"entryPoint\":\"api\",\"regions\":[\"us-central1\"],\"region\":\"us-central1\",\"id\":\"us-central1-api\",\"platform\":\"gcfv1\"}"}}
[debug] [2022-06-29T06:04:06.834Z] [runtime-status] [10364] Running us-central1-api in signature http {"metadata":{"emulator":{"name":"functions"},"function":{"name":"us-central1-api"},"message":"[runtime-status] [10364] Running us-central1-api in signature http"}}
[debug] [2022-06-29T06:04:06.835Z] [runtime-status] [10364] Attempting to listen to socketPath: \\?\pipe\C:\Users\acer\Desktop\MernPros\ecommerce\functions\10364 {"metadata":{"emulator":{"name":"functions"},"function":{"name":"us-central1-api"},"message":"[runtime-status] [10364] Attempting to listen to socketPath: \\\\?\\pipe\\C:\\Users\\acer\\Desktop\\MernPros\\ecommerce\\functions\\10364"}}
[debug] [2022-06-29T06:04:06.838Z] [functions] Runtime ready! Sending request! {"metadata":{"emulator":{"name":"functions"},"message":"[functions] Runtime ready! Sending request!"}}
[debug] [2022-06-29T06:04:06.838Z] [functions] Got req.url=/ecommercea-c3dcb/us-central1/api/payments/create?total=0, mapping to path=/payments/create?total=0 {"metadata":{"emulator":{"name":"functions"},"message":"[functions] Got req.url=/ecommercea-c3dcb/us-central1/api/payments/create?total=0, mapping to path=/payments/create?total=0"}}
[debug] [2022-06-29T06:04:06.871Z] [runtime-status] [10364] Ephemeral server handling POST request {"metadata":{"emulator":{"name":"functions"},"function":{"name":"us-central1-api"},"message":"[runtime-status] [10364] Ephemeral server handling POST request"}}
[info] >  abcd { name: 'Aj store items', price: 697.98 } {"user":"abcd { name: 'Aj store items', price: 697.98 }","metadata":{"emulator":{"name":"functions"},"function":{"name":"us-central1-api"},"message":"\u001b[90m> \u001b[39m abcd { name: 'Aj store items', price: 697.98 }"}}
[info] >  items are: { name: 'Aj store items', price: 697.98 } {"user":"items are: { name: 'Aj store items', price: 697.98 }","metadata":{"emulator":{"name":"functions"},"function":{"name":"us-central1-api"},"message":"\u001b[90m> \u001b[39m items are: { name: 'Aj store items', price: 697.98 }"}}
[debug] [2022-06-29T06:04:06.900Z] [runtime-status] [10364] Ephemeral server survived. {"metadata":{"emulator":{"name":"functions"},"function":{"name":"us-central1-api"},"message":"[runtime-status] [10364] Ephemeral server survived."}}
[info] i  functions: Finished "us-central1-api" in ~1s {"metadata":{"emulator":{"name":"functions"},"function":{"name":"us-central1-api"},"message":"Finished \"us-central1-api\" in ~1s"}}
[debug] [2022-06-29T06:04:07.837Z] [worker-us-central1-api-6737ca00-2e94-4f14-8605-e9201f2040d8]: IDLE {"metadata":{"emulator":{"name":"functions"},"message":"[worker-us-central1-api-6737ca00-2e94-4f14-8605-e9201f2040d8]: IDLE"}}
[debug] [2022-06-29T06:04:07.838Z] [work-queue] {"queueLength":0,"workRunningCount":0}
